/home/ken/miniconda3/envs/viz/bin/quast.py assembly.fasta -r ref.fasta -o quast_results

Version: 5.3.0

System information:
  OS: Linux-6.6.87.2-microsoft-standard-WSL2-x86_64-with-glibc2.39 (linux_64)
  Python version: 3.12.3
  CPUs number: 12

Started: 2026-02-09 23:57:19

Logging to /home/ken/binf6110/assign_01/quast_results/quast.log
NOTICE: Output directory already exists and looks like a QUAST output dir. Existing results can be reused (e.g. previously generated alignments)!
NOTICE: Maximum number of threads is set to 3 (use --threads option to set it manually)

CWD: /home/ken/binf6110/assign_01
Main parameters: 
  MODE: default, threads: 3, min contig length: 500, min alignment length: 65, min alignment IDY: 95.0, \
  ambiguity: one, min local misassembly length: 200, min extensive misassembly length: 1000

Reference:
  /home/ken/binf6110/assign_01/ref.fasta ==> ref

Contigs:
  Pre-processing...
  assembly.fasta ==> assembly

2026-02-09 23:57:20
Running Basic statistics processor...
  Reference genome:
    ref.fasta, length = 4951383, num fragments = 2, GC % = 52.24
  Contig files: 
    assembly
  Calculating N50 and L50...
    assembly, N50 = 3318776, L50 = 1, auN = 2710857.9, Total length = 5104812, GC % = 52.19, # N's per 100 kbp =  0.00
  Drawing Nx plot...
    saved to /home/ken/binf6110/assign_01/quast_results/basic_stats/Nx_plot.pdf
  Drawing NGx plot...
    saved to /home/ken/binf6110/assign_01/quast_results/basic_stats/NGx_plot.pdf
  Drawing cumulative plot...
    saved to /home/ken/binf6110/assign_01/quast_results/basic_stats/cumulative_plot.pdf
  Drawing GC content plot...
    saved to /home/ken/binf6110/assign_01/quast_results/basic_stats/GC_content_plot.pdf
  Drawing assembly GC content plot...
    saved to /home/ken/binf6110/assign_01/quast_results/basic_stats/assembly_GC_content_plot.pdf
Done.

2026-02-09 23:57:21
Running Contig analyzer...
  assembly
  Logging to files /home/ken/binf6110/assign_01/quast_results/contigs_reports/contigs_report_assembly.stdout and contigs_report_assembly.stderr...
  Using existing alignments... 
  Analysis is finished.

  Creating total report...
    saved to /home/ken/binf6110/assign_01/quast_results/contigs_reports/misassemblies_report.txt, misassemblies_report.tsv, and misassemblies_report.tex
  Transposed version of total report...
    saved to /home/ken/binf6110/assign_01/quast_results/contigs_reports/transposed_report_misassemblies.txt, transposed_report_misassemblies.tsv, and transposed_report_misassemblies.tex
  Creating total report...
    saved to /home/ken/binf6110/assign_01/quast_results/contigs_reports/unaligned_report.txt, unaligned_report.tsv, and unaligned_report.tex
  Drawing misassemblies by types plot...
    saved to /home/ken/binf6110/assign_01/quast_results/contigs_reports/misassemblies_plot.pdf
  Drawing misassemblies FRCurve plot...
    saved to /home/ken/binf6110/assign_01/quast_results/contigs_reports/misassemblies_frcurve_plot.pdf
Done.

2026-02-09 23:57:22
Running NA-NGA calculation...
  assembly, Largest alignment = 953687, NA50 = 460922, NGA50 = 460922, LA50 = 4, LGA50 = 4
  Drawing cumulative plot...
    saved to /home/ken/binf6110/assign_01/quast_results/aligned_stats/cumulative_plot.pdf
  Drawing NAx plot...
    saved to /home/ken/binf6110/assign_01/quast_results/aligned_stats/NAx_plot.pdf
  Drawing NGAx plot...
    saved to /home/ken/binf6110/assign_01/quast_results/aligned_stats/NGAx_plot.pdf
Done.

2026-02-09 23:57:22
Running Genome analyzer...
  NOTICE: No file with genomic features were provided. Use the --features option if you want to specify it.

  NOTICE: No file with operons were provided. Use the -O option if you want to specify it.
  assembly
  Analysis is finished.
  Skipping drawing Genome fraction, % histogram... (less than 2 columns histogram makes no sense)
Done.

NOTICE: Genes are not predicted by default. Use --gene-finding or --glimmer option to enable it.

2026-02-09 23:57:23
Creating large visual summaries...
This may take a while: press Ctrl-C to skip this step..
  1 of 2: Creating PDF with all tables and plots...
  2 of 2: Creating Icarus viewers...
Done

2026-02-09 23:57:24
RESULTS:
  Text versions of total report are saved to /home/ken/binf6110/assign_01/quast_results/report.txt, report.tsv, and report.tex
  Text versions of transposed total report are saved to /home/ken/binf6110/assign_01/quast_results/transposed_report.txt, transposed_report.tsv, and transposed_report.tex
  HTML version (interactive tables and plots) is saved to /home/ken/binf6110/assign_01/quast_results/report.html
  PDF version (tables and plots) is saved to /home/ken/binf6110/assign_01/quast_results/report.pdf
  Icarus (contig browser) is saved to /home/ken/binf6110/assign_01/quast_results/icarus.html
  Log is saved to /home/ken/binf6110/assign_01/quast_results/quast.log

Finished: 2026-02-09 23:57:24
Elapsed time: 0:00:04.419042
NOTICEs: 5; WARNINGs: 1; non-fatal ERRORs: 0

Thank you for using QUAST!
